{"/home/yevhen/projects/practice/codewars_practice/objects_practice.js": {"path":"/home/yevhen/projects/practice/codewars_practice/objects_practice.js","statementMap":{"0":{"start":{"line":11,"column":20},"end":{"line":11,"column":89}},"1":{"start":{"line":11,"column":27},"end":{"line":11,"column":89}},"2":{"start":{"line":12,"column":0},"end":{"line":12,"column":29}},"3":{"start":{"line":22,"column":18},"end":{"line":22,"column":44}},"4":{"start":{"line":22,"column":25},"end":{"line":22,"column":44}},"5":{"start":{"line":24,"column":19},"end":{"line":24,"column":67}},"6":{"start":{"line":24,"column":26},"end":{"line":24,"column":67}},"7":{"start":{"line":24,"column":53},"end":{"line":24,"column":66}},"8":{"start":{"line":27,"column":15},"end":{"line":27,"column":17}},"9":{"start":{"line":28,"column":2},"end":{"line":30,"column":3}},"10":{"start":{"line":29,"column":4},"end":{"line":29,"column":42}},"11":{"start":{"line":31,"column":2},"end":{"line":31,"column":16}},"12":{"start":{"line":44,"column":15},"end":{"line":44,"column":17}},"13":{"start":{"line":45,"column":2},"end":{"line":49,"column":3}},"14":{"start":{"line":46,"column":4},"end":{"line":48,"column":5}},"15":{"start":{"line":47,"column":6},"end":{"line":47,"column":29}},"16":{"start":{"line":50,"column":2},"end":{"line":50,"column":16}},"17":{"start":{"line":54,"column":18},"end":{"line":54,"column":26}},"18":{"start":{"line":55,"column":2},"end":{"line":55,"column":45}},"19":{"start":{"line":55,"column":22},"end":{"line":55,"column":43}},"20":{"start":{"line":56,"column":2},"end":{"line":56,"column":19}},"21":{"start":{"line":71,"column":2},"end":{"line":71,"column":44}},"22":{"start":{"line":71,"column":32},"end":{"line":71,"column":44}},"23":{"start":{"line":72,"column":2},"end":{"line":74,"column":3}},"24":{"start":{"line":73,"column":4},"end":{"line":73,"column":21}},"25":{"start":{"line":87,"column":2},"end":{"line":87,"column":77}},"26":{"start":{"line":87,"column":64},"end":{"line":87,"column":77}},"27":{"start":{"line":88,"column":2},"end":{"line":90,"column":3}},"28":{"start":{"line":89,"column":4},"end":{"line":89,"column":80}},"29":{"start":{"line":89,"column":67},"end":{"line":89,"column":80}},"30":{"start":{"line":91,"column":2},"end":{"line":91,"column":14}},"31":{"start":{"line":106,"column":18},"end":{"line":106,"column":33}},"32":{"start":{"line":108,"column":17},"end":{"line":111,"column":8}},"33":{"start":{"line":109,"column":4},"end":{"line":109,"column":41}},"34":{"start":{"line":110,"column":4},"end":{"line":110,"column":15}},"35":{"start":{"line":113,"column":2},"end":{"line":113,"column":55}}},"fnMap":{"0":{"name":"(anonymous_0)","decl":{"start":{"line":11,"column":20},"end":{"line":11,"column":21}},"loc":{"start":{"line":11,"column":27},"end":{"line":11,"column":89}},"line":11},"1":{"name":"(anonymous_1)","decl":{"start":{"line":22,"column":18},"end":{"line":22,"column":19}},"loc":{"start":{"line":22,"column":25},"end":{"line":22,"column":44}},"line":22},"2":{"name":"(anonymous_2)","decl":{"start":{"line":24,"column":19},"end":{"line":24,"column":20}},"loc":{"start":{"line":24,"column":26},"end":{"line":24,"column":67}},"line":24},"3":{"name":"(anonymous_3)","decl":{"start":{"line":24,"column":47},"end":{"line":24,"column":48}},"loc":{"start":{"line":24,"column":53},"end":{"line":24,"column":66}},"line":24},"4":{"name":"deepArray3","decl":{"start":{"line":26,"column":9},"end":{"line":26,"column":19}},"loc":{"start":{"line":26,"column":25},"end":{"line":32,"column":1}},"line":26},"5":{"name":"refactorObj","decl":{"start":{"line":43,"column":9},"end":{"line":43,"column":20}},"loc":{"start":{"line":43,"column":30},"end":{"line":51,"column":1}},"line":43},"6":{"name":"refactorObj2","decl":{"start":{"line":53,"column":9},"end":{"line":53,"column":21}},"loc":{"start":{"line":53,"column":36},"end":{"line":57,"column":1}},"line":53},"7":{"name":"(anonymous_7)","decl":{"start":{"line":55,"column":15},"end":{"line":55,"column":16}},"loc":{"start":{"line":55,"column":22},"end":{"line":55,"column":43}},"line":55},"8":{"name":"checkObjectIsEmpty","decl":{"start":{"line":70,"column":9},"end":{"line":70,"column":27}},"loc":{"start":{"line":70,"column":33},"end":{"line":75,"column":1}},"line":70},"9":{"name":"compareObjects","decl":{"start":{"line":86,"column":9},"end":{"line":86,"column":23}},"loc":{"start":{"line":86,"column":39},"end":{"line":92,"column":1}},"line":86},"10":{"name":"invokeMethod","decl":{"start":{"line":105,"column":9},"end":{"line":105,"column":21}},"loc":{"start":{"line":105,"column":48},"end":{"line":114,"column":1}},"line":105},"11":{"name":"(anonymous_11)","decl":{"start":{"line":108,"column":32},"end":{"line":108,"column":33}},"loc":{"start":{"line":108,"column":46},"end":{"line":111,"column":3}},"line":108}},"branchMap":{"0":{"loc":{"start":{"line":11,"column":27},"end":{"line":11,"column":89}},"type":"binary-expr","locations":[{"start":{"line":11,"column":27},"end":{"line":11,"column":50}},{"start":{"line":11,"column":54},"end":{"line":11,"column":73}},{"start":{"line":11,"column":77},"end":{"line":11,"column":89}}],"line":11},"1":{"loc":{"start":{"line":46,"column":4},"end":{"line":48,"column":5}},"type":"if","locations":[{"start":{"line":46,"column":4},"end":{"line":48,"column":5}},{"start":{},"end":{}}],"line":46},"2":{"loc":{"start":{"line":71,"column":2},"end":{"line":71,"column":44}},"type":"if","locations":[{"start":{"line":71,"column":2},"end":{"line":71,"column":44}},{"start":{},"end":{}}],"line":71},"3":{"loc":{"start":{"line":87,"column":2},"end":{"line":87,"column":77}},"type":"if","locations":[{"start":{"line":87,"column":2},"end":{"line":87,"column":77}},{"start":{},"end":{}}],"line":87},"4":{"loc":{"start":{"line":89,"column":4},"end":{"line":89,"column":80}},"type":"if","locations":[{"start":{"line":89,"column":4},"end":{"line":89,"column":80}},{"start":{},"end":{}}],"line":89},"5":{"loc":{"start":{"line":89,"column":8},"end":{"line":89,"column":65}},"type":"binary-expr","locations":[{"start":{"line":89,"column":8},"end":{"line":89,"column":33}},{"start":{"line":89,"column":38},"end":{"line":89,"column":64}}],"line":89},"6":{"loc":{"start":{"line":109,"column":10},"end":{"line":109,"column":40}},"type":"cond-expr","locations":[{"start":{"line":109,"column":21},"end":{"line":109,"column":29}},{"start":{"line":109,"column":32},"end":{"line":109,"column":40}}],"line":109}},"s":{"0":1,"1":3,"2":1,"3":1,"4":0,"5":1,"6":0,"7":0,"8":0,"9":0,"10":0,"11":0,"12":0,"13":0,"14":0,"15":0,"16":0,"17":0,"18":0,"19":0,"20":0,"21":0,"22":0,"23":0,"24":0,"25":0,"26":0,"27":0,"28":0,"29":0,"30":0,"31":0,"32":0,"33":0,"34":0,"35":0},"f":{"0":3,"1":0,"2":0,"3":0,"4":0,"5":0,"6":0,"7":0,"8":0,"9":0,"10":0,"11":0},"b":{"0":[3,3,2],"1":[0,0],"2":[0,0],"3":[0,0],"4":[0,0],"5":[0,0],"6":[0,0]},"_coverageSchema":"1a1c01bbd47fc00a2c39e90264f33305004495a9","hash":"55836c4ac68d1d3ddbc271d37d889663a9df1f6f"}
}
