TN:
SF:objects_practice.js
FN:11,(anonymous_0)
FN:22,(anonymous_1)
FN:24,(anonymous_2)
FN:24,(anonymous_3)
FN:26,deepArray3
FN:43,refactorObj
FN:53,refactorObj2
FN:55,(anonymous_7)
FN:70,checkObjectIsEmpty
FN:86,compareObjects
FN:105,invokeMethod
FN:108,(anonymous_11)
FNF:12
FNH:1
FNDA:3,(anonymous_0)
FNDA:0,(anonymous_1)
FNDA:0,(anonymous_2)
FNDA:0,(anonymous_3)
FNDA:0,deepArray3
FNDA:0,refactorObj
FNDA:0,refactorObj2
FNDA:0,(anonymous_7)
FNDA:0,checkObjectIsEmpty
FNDA:0,compareObjects
FNDA:0,invokeMethod
FNDA:0,(anonymous_11)
DA:11,3
DA:12,1
DA:22,1
DA:24,1
DA:27,0
DA:28,0
DA:29,0
DA:31,0
DA:44,0
DA:45,0
DA:46,0
DA:47,0
DA:50,0
DA:54,0
DA:55,0
DA:56,0
DA:71,0
DA:72,0
DA:73,0
DA:87,0
DA:88,0
DA:89,0
DA:91,0
DA:106,0
DA:108,0
DA:109,0
DA:110,0
DA:113,0
LF:28
LH:4
BRDA:11,0,0,3
BRDA:11,0,1,3
BRDA:11,0,2,2
BRDA:46,1,0,0
BRDA:46,1,1,0
BRDA:71,2,0,0
BRDA:71,2,1,0
BRDA:87,3,0,0
BRDA:87,3,1,0
BRDA:89,4,0,0
BRDA:89,4,1,0
BRDA:89,5,0,0
BRDA:89,5,1,0
BRDA:109,6,0,0
BRDA:109,6,1,0
BRF:15
BRH:3
end_of_record
